android-client/proguard/seeds.txt
jp.archilogic.docnext.android.core.image.CoreImageView
jp.archilogic.docnext.android.core.image.CoreImageView: CoreImageView(android.content.Context,android.util.AttributeSet)
jp.archilogic.docnext.android.core.text.CoreTextView
jp.archilogic.docnext.android.core.text.CoreTextView: CoreTextView(android.content.Context,android.util.AttributeSet)
jp.archilogic.docnext.android.core.text.CoreTextConfig$LineBreakingRule: jp.archilogic.docnext.android.core.text.CoreTextConfig$LineBreakingRule[] values()
jp.archilogic.docnext.android.core.text.CoreTextConfig$LineBreakingRule: jp.archilogic.docnext.android.core.text.CoreTextConfig$LineBreakingRule valueOf(java.lang.String)
jp.archilogic.docnext.android.core.text.TextDocDirection: jp.archilogic.docnext.android.core.text.TextDocDirection[] values()
jp.archilogic.docnext.android.core.text.TextDocDirection: jp.archilogic.docnext.android.core.text.TextDocDirection valueOf(java.lang.String)
jp.archilogic.docnext.android.core.image.ImageDocDirection: jp.archilogic.docnext.android.core.image.ImageDocDirection[] values()
jp.archilogic.docnext.android.core.image.ImageDocDirection: jp.archilogic.docnext.android.core.image.ImageDocDirection valueOf(java.lang.String)
jp.archilogic.docnext.android.type.ViewerType: jp.archilogic.docnext.android.type.ViewerType[] values()
jp.archilogic.docnext.android.type.ViewerType: jp.archilogic.docnext.android.type.ViewerType valueOf(java.lang.String)
jp.archilogic.docnext.android.core.image.CoreImageView
jp.archilogic.docnext.android.core.text.CoreTextView
jp.archilogic.docnext.android.MainActivity
jp.archilogic.docnext.android.TextViewerActivity
jp.archilogic.docnext.android.ImageViewerActivity
...
com.google.common.primitives.Shorts$LexicographicalComparator: com.google.common.primitives.Shorts$LexicographicalComparator[] values()
com.google.common.primitives.Shorts$LexicographicalComparator: com.google.common.primitives.Shorts$LexicographicalComparator valueOf(java.lang.String)
com.google.common.primitives.Floats$LexicographicalComparator: com.google.common.primitives.Floats$LexicographicalComparator[] values()
com.google.common.primitives.Floats$LexicographicalComparator: com.google.common.primitives.Floats$LexicographicalComparator valueOf(java.lang.String)
com.google.common.primitives.Doubles$LexicographicalComparator: com.google.common.primitives.Doubles$LexicographicalComparator[] values()
com.google.common.primitives.Doubles$LexicographicalComparator: com.google.common.primitives.Doubles$LexicographicalComparator valueOf(java.lang.String)
com.google.common.collect.MapConstraints$NotNullMapConstraint: com.google.common.collect.MapConstraints$NotNullMapConstraint[] values()
com.google.common.collect.MapConstraints$NotNullMapConstraint: com.google.common.collect.MapConstraints$NotNullMapConstraint valueOf(java.lang.String)
com.google.common.base.Equivalences$Impl: com.google.common.base.Equivalences$Impl[] values()
com.google.common.base.Equivalences$Impl: com.google.common.base.Equivalences$Impl valueOf(java.lang.String)
com.google.common.primitives.Longs$LexicographicalComparator: com.google.common.primitives.Longs$LexicographicalComparator[] values()
com.google.common.primitives.Longs$LexicographicalComparator: com.google.common.primitives.Longs$LexicographicalComparator valueOf(java.lang.String)
com.google.common.base.Suppliers$SupplierFunction: com.google.common.base.Suppliers$SupplierFunction[] values()
com.google.common.base.Suppliers$SupplierFunction: com.google.common.base.Suppliers$SupplierFunction valueOf(java.lang.String)
com.google.common.base.Predicates$ObjectPredicate: com.google.common.base.Predicates$ObjectPredicate[] values()
com.google.common.base.Predicates$ObjectPredicate: com.google.common.base.Predicates$ObjectPredicate valueOf(java.lang.String)
com.google.common.base.Predicates$ObjectPredicate: com.google.common.base.Predicates$ObjectPredicate[] values()
com.google.common.base.Predicates$ObjectPredicate: com.google.common.base.Predicates$ObjectPredicate valueOf(java.lang.String)
com.google.common.base.Predicates$ObjectPredicate: com.google.common.base.Predicates$ObjectPredicate[] values()
com.google.common.base.Predicates$ObjectPredicate: com.google.common.base.Predicates$ObjectPredicate valueOf(java.lang.String)
com.google.common.base.Predicates$ObjectPredicate: com.google.common.base.Predicates$ObjectPredicate[] values()
com.google.common.base.Predicates$ObjectPredicate: com.google.common.base.Predicates$ObjectPredicate valueOf(java.lang.String)
com.google.common.primitives.Booleans$LexicographicalComparator: com.google.common.primitives.Booleans$LexicographicalComparator[] values()
com.google.common.primitives.Booleans$LexicographicalComparator: com.google.common.primitives.Booleans$LexicographicalComparator valueOf(java.lang.String)