android-client/proguard/mapping.txt
jp.archilogic.docnext.android.ImageViewerActivity -> jp.archilogic.docnext.android.ImageViewerActivity:
    jp.archilogic.docnext.android.core.image.CoreImageView _coreImageView -> a
    android.widget.TextView _currentPageTextView -> b
    android.widget.TextView _totalPageTextView -> c
    jp.archilogic.docnext.android.core.OnPageChangedListener _coreImageListener -> d
    void onCreate(android.os.Bundle) -> onCreate
    android.widget.TextView access$0(jp.archilogic.docnext.android.ImageViewerActivity) -> a
    jp.archilogic.docnext.android.core.image.CoreImageView access$1(jp.archilogic.docnext.android.ImageViewerActivity) -> b
jp.archilogic.docnext.android.ImageViewerActivity$1 -> jp.archilogic.docnext.android.s:
    jp.archilogic.docnext.android.ImageViewerActivity this$0 -> a
    void onPageChanged(int) -> a
jp.archilogic.docnext.android.ImageViewerActivity$1$1 -> jp.archilogic.docnext.android.k:
    jp.archilogic.docnext.android.ImageViewerActivity$1 this$1 -> a
    int val$index -> b
    void run() -> run
jp.archilogic.docnext.android.ImageViewerActivity$2 -> jp.archilogic.docnext.android.r:
    jp.archilogic.docnext.android.ImageViewerActivity this$0 -> a
    void onClick(android.view.View) -> onClick
jp.archilogic.docnext.android.ImageViewerActivity$3 -> jp.archilogic.docnext.android.v:
    jp.archilogic.docnext.android.ImageViewerActivity this$0 -> a
    void onClick(android.view.View) -> onClick
jp.archilogic.docnext.android.ImageViewerActivity$4 -> jp.archilogic.docnext.android.u:
    jp.archilogic.docnext.android.ImageViewerActivity this$0 -> a
    void onClick(android.view.View) -> onClick
jp.archilogic.docnext.android.ImageViewerActivity$5 -> jp.archilogic.docnext.android.t:
    jp.archilogic.docnext.android.ImageViewerActivity this$0 -> a
    void onClick(android.view.View) -> onClick
jp.archilogic.docnext.android.MainActivity -> jp.archilogic.docnext.android.MainActivity:
    android.webkit.WebView _webView -> a
    void onCreate(android.os.Bundle) -> onCreate
jp.archilogic.docnext.android.MainActivity$1 -> jp.archilogic.docnext.android.p:
    jp.archilogic.docnext.android.MainActivity this$0 -> a
    boolean shouldOverrideUrlLoading(android.webkit.WebView,java.lang.String) -> shouldOverrideUrlLoading
jp.archilogic.docnext.android.TextViewerActivity -> jp.archilogic.docnext.android.TextViewerActivity:
    android.widget.TextView _debug -> a
    jp.archilogic.docnext.android.core.text.CoreTextView _coreTextView -> b
    android.widget.TextView _currentPageTextView -> c
    android.widget.TextView _totalPageTextView -> d
    jp.archilogic.docnext.android.core.text.CoreTextConfig _config -> e
    jp.archilogic.docnext.android.core.OnPageChangedListener _coreImageListener -> f
    void bindDebug() -> a
    void onCreate(android.os.Bundle) -> onCreate
    android.widget.TextView access$0(jp.archilogic.docnext.android.TextViewerActivity) -> a
    jp.archilogic.docnext.android.core.text.CoreTextConfig access$1(jp.archilogic.docnext.android.TextViewerActivity) -> b
    jp.archilogic.docnext.android.core.text.CoreTextView access$2(jp.archilogic.docnext.android.TextViewerActivity) -> c
    void access$3(jp.archilogic.docnext.android.TextViewerActivity) -> d
jp.archilogic.docnext.android.TextViewerActivity$1 -> jp.archilogic.docnext.android.j:
    jp.archilogic.docnext.android.TextViewerActivity this$0 -> a
    void onPageChanged(int) -> a
jp.archilogic.docnext.android.TextViewerActivity$1$1 -> jp.archilogic.docnext.android.q:
    jp.archilogic.docnext.android.TextViewerActivity$1 this$1 -> a
    int val$index -> b
    void run() -> run
...
net.arnx.jsonic.LocaleConverter -> a.a.a.ac:
    net.arnx.jsonic.LocaleConverter INSTANCE -> a
    java.lang.Object convert(net.arnx.jsonic.JSON,net.arnx.jsonic.JSON$Context,java.lang.Object,java.lang.Class,java.lang.reflect.Type) -> a
net.arnx.jsonic.LocaleFormatter -> a.a.a.c:
    net.arnx.jsonic.LocaleFormatter INSTANCE -> a
    boolean format(net.arnx.jsonic.JSON,net.arnx.jsonic.JSON$Context,java.lang.Object,java.lang.Object,net.arnx.jsonic.InputSource) -> a
net.arnx.jsonic.LongArrayFormatter -> a.a.a.cb:
    net.arnx.jsonic.LongArrayFormatter INSTANCE -> a
    boolean format(net.arnx.jsonic.JSON,net.arnx.jsonic.JSON$Context,java.lang.Object,java.lang.Object,net.arnx.jsonic.InputSource) -> a
net.arnx.jsonic.LongConverter -> a.a.a.by:
    net.arnx.jsonic.LongConverter INSTANCE -> a
    java.lang.Object convert(net.arnx.jsonic.JSON,net.arnx.jsonic.JSON$Context,java.lang.Object,java.lang.Class,java.lang.reflect.Type) -> a
net.arnx.jsonic.MapConverter -> a.a.a.ad:
    net.arnx.jsonic.MapConverter INSTANCE -> a
    java.lang.Object convert(net.arnx.jsonic.JSON,net.arnx.jsonic.JSON$Context,java.lang.Object,java.lang.Class,java.lang.reflect.Type) -> a
    void flattenProperties(java.lang.StringBuilder,java.lang.Object,java.util.Properties) -> a
net.arnx.jsonic.MapFormatter -> a.a.a.f:
    net.arnx.jsonic.MapFormatter INSTANCE -> a
    boolean format(net.arnx.jsonic.JSON,net.arnx.jsonic.JSON$Context,java.lang.Object,java.lang.Object,net.arnx.jsonic.InputSource) -> a
net.arnx.jsonic.MethodProperty -> a.a.a.l:
    java.lang.String name -> a
    java.lang.reflect.Method method -> b
    net.arnx.jsonic.JSONHint hint -> c
    java.lang.reflect.Type gtype -> d
    java.lang.Class type -> e
    java.lang.String getName() -> a
    net.arnx.jsonic.JSONHint getHint() -> b
    java.lang.Object get(java.lang.Object) -> a
    void set(java.lang.Object,java.lang.Object) -> a
    java.lang.reflect.Type getGenericType(java.lang.reflect.Type) -> a
    java.lang.Class getType(java.lang.reflect.Type) -> b
    void init(java.lang.reflect.Type) -> c
    int hashCode() -> hashCode
    boolean equals(java.lang.Object) -> equals
    int compareTo(java.lang.Object) -> compareTo
net.arnx.jsonic.NullConverter -> a.a.a.bf:
    net.arnx.jsonic.NullConverter INSTANCE -> a
    java.lang.Object convert(net.arnx.jsonic.JSON,net.arnx.jsonic.JSON$Context,java.lang.Object,java.lang.Class,java.lang.reflect.Type) -> a
net.arnx.jsonic.NullFormatter -> a.a.a.aw:
    net.arnx.jsonic.NullFormatter INSTANCE -> a
    boolean format(net.arnx.jsonic.JSON,net.arnx.jsonic.JSON$Context,java.lang.Object,java.lang.Object,net.arnx.jsonic.InputSource) -> a
net.arnx.jsonic.NumberFormatter -> a.a.a.o:
    net.arnx.jsonic.NumberFormatter INSTANCE -> a
    boolean format(net.arnx.jsonic.JSON,net.arnx.jsonic.JSON$Context,java.lang.Object,java.lang.Object,net.arnx.jsonic.InputSource) -> a
net.arnx.jsonic.ObjectArrayFormatter -> a.a.a.ak:
    net.arnx.jsonic.ObjectArrayFormatter INSTANCE -> a
    boolean format(net.arnx.jsonic.JSON,net.arnx.jsonic.JSON$Context,java.lang.Object,java.lang.Object,net.arnx.jsonic.InputSource) -> a
net.arnx.jsonic.ObjectConverter -> a.a.a.w:
    net.arnx.jsonic.ObjectConverter INSTANCE -> a
    java.lang.Object convert(net.arnx.jsonic.JSON,net.arnx.jsonic.JSON$Context,java.lang.Object,java.lang.Class,java.lang.reflect.Type) -> a
net.arnx.jsonic.ObjectFormatter -> a.a.a.bw:
    net.arnx.jsonic.ObjectFormatter INSTANCE -> a
    boolean format(net.arnx.jsonic.JSON,net.arnx.jsonic.JSON$Context,java.lang.Object,java.lang.Object,net.arnx.jsonic.InputSource) -> a
net.arnx.jsonic.OutputSource -> a.a.a.ar:
    int next() -> a
    void back() -> b
    long getLineNumber() -> c
    long getColumnNumber() -> d
    long getOffset() -> e
net.arnx.jsonic.PatternConverter -> a.a.a.n:
    net.arnx.jsonic.PatternConverter INSTANCE -> a
    java.lang.Object convert(net.arnx.jsonic.JSON,net.arnx.jsonic.JSON$Context,java.lang.Object,java.lang.Class,java.lang.reflect.Type) -> a