android-client/proguard/usage.txt
jp.archilogic.docnext.android.R
jp.archilogic.docnext.android.R$attr
jp.archilogic.docnext.android.R$drawable
jp.archilogic.docnext.android.R$id
jp.archilogic.docnext.android.R$layout
jp.archilogic.docnext.android.R$string
jp.archilogic.docnext.android.core.image.CoreImageCallback:
    private static final int DOUBLE_TAP_THREASHOLD
    private static final long DOUBLE_TAP_DURATION
    private static final long DURATION_CLEAN_UP
jp.archilogic.docnext.android.core.image.CoreImageView:
    private static final float TAP_THREASHOLD
jp.archilogic.docnext.android.core.image.ImageDocDirection:
    private static final int PAGE_CHANGE_THREASHOLD
jp.archilogic.docnext.android.core.text.CoreTextCallback:
    private static final long DURATION_CLEAN_UP
jp.archilogic.docnext.android.info.MetaInfo
jp.archilogic.docnext.android.task.GetFontTask
jp.archilogic.docnext.android.task.GetImagePageTask
jp.archilogic.docnext.android.task.GetImagePageThumbnailTask
jp.archilogic.docnext.android.task.GetInfoTask
jp.archilogic.docnext.android.task.NetworkTask
jp.archilogic.docnext.android.task.Receiver
jp.archilogic.docnext.android.type.ViewerType
jp.archilogic.docnext.android.util.NetUtil
jp.archilogic.docnext.android.util.StorageUtil:
    private static final java.lang.String ROOT
    9:14:private static void ensureDir(java.lang.String)
    17:18:public static void ensureFontDir()
    21:22:public static void ensureImageDir(long)
    25:26:public static void ensureTextDir(long)
    49:49:private static java.lang.String getTextDir(long)
    53:53:public static java.lang.String getTextPath(long,int)
...
com.google.common.annotations.Beta
com.google.common.annotations.GwtCompatible
com.google.common.annotations.GwtIncompatible
com.google.common.annotations.VisibleForTesting
com.google.common.base.Ascii
com.google.common.base.CaseFormat
com.google.common.base.CaseFormat$1
com.google.common.base.CharMatcher
com.google.common.base.CharMatcher$1
com.google.common.base.CharMatcher$10
com.google.common.base.CharMatcher$11
com.google.common.base.CharMatcher$12
com.google.common.base.CharMatcher$13
com.google.common.base.CharMatcher$14
com.google.common.base.CharMatcher$15
com.google.common.base.CharMatcher$2
com.google.common.base.CharMatcher$3
com.google.common.base.CharMatcher$4
com.google.common.base.CharMatcher$5
com.google.common.base.CharMatcher$6
com.google.common.base.CharMatcher$7
com.google.common.base.CharMatcher$8
com.google.common.base.CharMatcher$9
com.google.common.base.CharMatcher$And
com.google.common.base.CharMatcher$LookupTable
com.google.common.base.CharMatcher$Or
com.google.common.base.Charsets
com.google.common.base.Defaults
com.google.common.base.Equivalence
com.google.common.base.Equivalences
com.google.common.base.Equivalences$1
com.google.common.base.Equivalences$Impl
com.google.common.base.Equivalences$Impl$1
com.google.common.base.Equivalences$Impl$2
com.google.common.base.FinalizablePhantomReference
com.google.common.base.FinalizableReference
com.google.common.base.FinalizableReferenceQueue
com.google.common.base.FinalizableReferenceQueue$DecoupledLoader
com.google.common.base.FinalizableReferenceQueue$DirectLoader
com.google.common.base.FinalizableReferenceQueue$FinalizerLoader
com.google.common.base.FinalizableReferenceQueue$SystemLoader
com.google.common.base.FinalizableSoftReference
com.google.common.base.FinalizableWeakReference
com.google.common.base.Function
com.google.common.base.Functions
com.google.common.base.Functions$1
com.google.common.base.Functions$ConstantFunction
com.google.common.base.Functions$ForMapWithDefault
com.google.common.base.Functions$FunctionComposition
com.google.common.base.Functions$FunctionForMapNoDefault
com.google.common.base.Functions$IdentityFunction
com.google.common.base.Functions$PredicateFunction
com.google.common.base.Functions$ToStringFunction
com.google.common.base.Joiner
com.google.common.base.Joiner$1
com.google.common.base.Joiner$2
com.google.common.base.Joiner$3
com.google.common.base.Joiner$MapJoiner
com.google.common.base.Objects
com.google.common.base.Objects$1
com.google.common.base.Objects$ToStringHelper
com.google.common.base.Platform
com.google.common.base.Platform$1
com.google.common.base.Preconditions:
    87:90:public static void checkArgument(boolean,java.lang.Object)
    114:118:public static void checkArgument(boolean,java.lang.String,java.lang.Object[])
    128:131:public static void checkState(boolean)
    144:147:public static void checkState(boolean,java.lang.Object)
    171:175:public static void checkState(boolean,java.lang.String,java.lang.Object[])
    203:206:public static java.lang.Object checkNotNull(java.lang.Object,java.lang.Object)
    229:234:public static java.lang.Object checkNotNull(java.lang.Object,java.lang.String,java.lang.Object[])
    280:280:public static int checkElementIndex(int,int)
    300:303:public static int checkElementIndex(int,int,java.lang.String)
    307:312:private static java.lang.String badElementIndex(int,int,java.lang.String)
    330:330:public static int checkPositionIndex(int,int)
    350:353:public static int checkPositionIndex(int,int,java.lang.String)
    357:362:private static java.lang.String badPositionIndex(int,int,java.lang.String)
    383:386:public static void checkPositionIndexes(int,int,int)
    389:396:private static java.lang.String badPositionIndexes(int,int,int)
    414:443:static java.lang.String format(java.lang.String,java.lang.Object[])
com.google.common.base.Predicate
com.google.common.base.Predicates
com.google.common.base.Predicates$1